Performing C++ SOURCE FILE Test CMAKE_HAVE_LIBC_PTHREAD failed with the following output:
Change Dir: /home/AD/tcrussar/DossierPartage/S6/PMP/TP1/parser/build/CMakeFiles/CMakeTmp

Run Build Command(s):/usr/bin/make cmTC_8e740/fast && /usr/bin/make -f CMakeFiles/cmTC_8e740.dir/build.make CMakeFiles/cmTC_8e740.dir/build
make[1] : on entre dans le répertoire « /home/AD/tcrussar/DossierPartage/S6/PMP/TP1/parser/build/CMakeFiles/CMakeTmp »
Building CXX object CMakeFiles/cmTC_8e740.dir/src.cxx.o
/usr/bin/c++    -DCMAKE_HAVE_LIBC_PTHREAD   -o CMakeFiles/cmTC_8e740.dir/src.cxx.o -c /home/AD/tcrussar/DossierPartage/S6/PMP/TP1/parser/build/CMakeFiles/CMakeTmp/src.cxx
Linking CXX executable cmTC_8e740
/usr/bin/cmake -E cmake_link_script CMakeFiles/cmTC_8e740.dir/link.txt --verbose=1
/usr/bin/c++   -DCMAKE_HAVE_LIBC_PTHREAD    CMakeFiles/cmTC_8e740.dir/src.cxx.o  -o cmTC_8e740 
/usr/bin/ld : CMakeFiles/cmTC_8e740.dir/src.cxx.o : dans la fonction « main » :
src.cxx:(.text+0x46) : référence indéfinie vers « pthread_create »
/usr/bin/ld : src.cxx:(.text+0x52) : référence indéfinie vers « pthread_detach »
/usr/bin/ld : src.cxx:(.text+0x63) : référence indéfinie vers « pthread_join »
collect2: error: ld returned 1 exit status
make[1]: *** [CMakeFiles/cmTC_8e740.dir/build.make:87 : cmTC_8e740] Erreur 1
make[1] : on quitte le répertoire « /home/AD/tcrussar/DossierPartage/S6/PMP/TP1/parser/build/CMakeFiles/CMakeTmp »
make: *** [Makefile:121 : cmTC_8e740/fast] Erreur 2


Source file was:
#include <pthread.h>

void* test_func(void* data)
{
  return data;
}

int main(void)
{
  pthread_t thread;
  pthread_create(&thread, NULL, test_func, NULL);
  pthread_detach(thread);
  pthread_join(thread, NULL);
  pthread_atfork(NULL, NULL, NULL);
  pthread_exit(NULL);

  return 0;
}

Determining if the function pthread_create exists in the pthreads failed with the following output:
Change Dir: /home/AD/tcrussar/DossierPartage/S6/PMP/TP1/parser/build/CMakeFiles/CMakeTmp

Run Build Command(s):/usr/bin/make cmTC_602f7/fast && /usr/bin/make -f CMakeFiles/cmTC_602f7.dir/build.make CMakeFiles/cmTC_602f7.dir/build
make[1] : on entre dans le répertoire « /home/AD/tcrussar/DossierPartage/S6/PMP/TP1/parser/build/CMakeFiles/CMakeTmp »
Building CXX object CMakeFiles/cmTC_602f7.dir/CheckFunctionExists.cxx.o
/usr/bin/c++    -DCHECK_FUNCTION_EXISTS=pthread_create   -o CMakeFiles/cmTC_602f7.dir/CheckFunctionExists.cxx.o -c /home/AD/tcrussar/DossierPartage/S6/PMP/TP1/parser/build/CMakeFiles/CheckLibraryExists/CheckFunctionExists.cxx
Linking CXX executable cmTC_602f7
/usr/bin/cmake -E cmake_link_script CMakeFiles/cmTC_602f7.dir/link.txt --verbose=1
/usr/bin/c++   -DCHECK_FUNCTION_EXISTS=pthread_create    CMakeFiles/cmTC_602f7.dir/CheckFunctionExists.cxx.o  -o cmTC_602f7  -lpthreads 
/usr/bin/ld : ne peut trouver -lpthreads
collect2: error: ld returned 1 exit status
make[1]: *** [CMakeFiles/cmTC_602f7.dir/build.make:87 : cmTC_602f7] Erreur 1
make[1] : on quitte le répertoire « /home/AD/tcrussar/DossierPartage/S6/PMP/TP1/parser/build/CMakeFiles/CMakeTmp »
make: *** [Makefile:121 : cmTC_602f7/fast] Erreur 2



